2024-12-04 12:18:35,953 INFO o.s.b.StartupInfoLogger [restartedMain] Starting AccountManagementApplication using Java 1.8.0_162 on CLAYFIN-LP261 with PID 40754 (/Userdisk/Kishore/SPRING-BOOT-PROJECT/AccountManagement/target/classes started by kishorekumar in /Userdisk/Kishore/SPRING-BOOT-PROJECT/AccountManagement)
2024-12-04 12:18:35,957 DEBUG o.s.b.StartupInfoLogger [restartedMain] Running with Spring Boot v2.7.12, Spring v5.3.27
2024-12-04 12:18:35,958 INFO o.s.b.SpringApplication [restartedMain] No active profile set, falling back to 1 default profile: "default"
2024-12-04 12:18:35,982 INFO o.s.b.l.DeferredLog [restartedMain] Devtools property defaults active! Set 'spring.devtools.add-properties' to 'false' to disable
2024-12-04 12:18:35,982 INFO o.s.b.l.DeferredLog [restartedMain] For additional web related logging consider setting the 'logging.level.web' property to 'DEBUG'
2024-12-04 12:18:36,551 INFO o.s.d.r.c.RepositoryConfigurationDelegate [restartedMain] Bootstrapping Spring Data JPA repositories in DEFAULT mode.
2024-12-04 12:18:36,607 INFO o.s.d.r.c.RepositoryConfigurationDelegate [restartedMain] Finished Spring Data repository scanning in 44 ms. Found 2 JPA repository interfaces.
2024-12-04 12:18:37,193 INFO o.s.b.w.e.t.TomcatWebServer [restartedMain] Tomcat initialized with port(s): 9009 (http)
2024-12-04 12:18:37,202 INFO o.a.j.l.DirectJDKLog [restartedMain] Initializing ProtocolHandler ["http-nio-9009"]
2024-12-04 12:18:37,203 INFO o.a.j.l.DirectJDKLog [restartedMain] Starting service [Tomcat]
2024-12-04 12:18:37,203 INFO o.a.j.l.DirectJDKLog [restartedMain] Starting Servlet engine: [Apache Tomcat/9.0.75]
2024-12-04 12:18:37,252 INFO o.a.j.l.DirectJDKLog [restartedMain] Initializing Spring embedded WebApplicationContext
2024-12-04 12:18:37,252 INFO o.s.b.w.s.c.ServletWebServerApplicationContext [restartedMain] Root WebApplicationContext: initialization completed in 1269 ms
2024-12-04 12:18:37,273 INFO c.z.h.HikariDataSource [restartedMain] HikariPool-1 - Starting...
2024-12-04 12:18:37,664 INFO c.z.h.HikariDataSource [restartedMain] HikariPool-1 - Start completed.
2024-12-04 12:18:37,673 INFO o.s.b.a.h.H2ConsoleAutoConfiguration [restartedMain] H2 console available at '/h2-console'. Database available at 'jdbc:h2:file:/Userdisk/Kishore/Demo-Project/database/database'
2024-12-04 12:18:37,849 INFO o.h.j.i.u.LogHelper [restartedMain] HHH000204: Processing PersistenceUnitInfo [name: default]
2024-12-04 12:18:37,947 INFO o.h.Version [restartedMain] HHH000412: Hibernate ORM core version 5.6.15.Final
2024-12-04 12:18:38,153 INFO o.h.a.c.r.j.JavaReflectionManager [restartedMain] HCANN000001: Hibernate Commons Annotations {5.1.2.Final}
2024-12-04 12:18:38,265 INFO o.h.d.Dialect [restartedMain] HHH000400: Using dialect: org.hibernate.dialect.H2Dialect
2024-12-04 12:18:38,766 INFO o.h.e.t.j.p.i.JtaPlatformInitiator [restartedMain] HHH000490: Using JtaPlatform implementation: [org.hibernate.engine.transaction.jta.platform.internal.NoJtaPlatform]
2024-12-04 12:18:38,775 INFO o.s.o.j.AbstractEntityManagerFactoryBean [restartedMain] Initialized JPA EntityManagerFactory for persistence unit 'default'
2024-12-04 12:18:39,316 WARN o.s.b.a.o.j.JpaBaseConfiguration$JpaWebConfiguration [restartedMain] spring.jpa.open-in-view is enabled by default. Therefore, database queries may be performed during view rendering. Explicitly configure spring.jpa.open-in-view to disable this warning
2024-12-04 12:18:39,551 INFO o.s.b.d.a.OptionalLiveReloadServer [restartedMain] LiveReload server is running on port 35729
2024-12-04 12:18:39,764 INFO o.a.j.l.DirectJDKLog [restartedMain] Starting ProtocolHandler ["http-nio-9009"]
2024-12-04 12:18:39,778 INFO o.s.b.w.e.t.TomcatWebServer [restartedMain] Tomcat started on port(s): 9009 (http) with context path ''
2024-12-04 12:18:40,032 INFO o.s.b.StartupInfoLogger [restartedMain] Started AccountManagementApplication in 4.486 seconds (JVM running for 5.135)
2024-12-04 12:18:56,362 INFO o.a.j.l.DirectJDKLog [http-nio-9009-exec-1] Initializing Spring DispatcherServlet 'dispatcherServlet'
2024-12-04 12:18:56,363 INFO o.s.w.s.FrameworkServlet [http-nio-9009-exec-1] Initializing Servlet 'dispatcherServlet'
2024-12-04 12:18:56,365 INFO o.s.w.s.FrameworkServlet [http-nio-9009-exec-1] Completed initialization in 2 ms
2024-12-04 12:18:56,387 INFO c.k.a.m.s.CustomerServiceImpl [http-nio-9009-exec-1] Fetching all the Customers
2024-12-04 12:18:57,241 WARN o.s.w.s.DispatcherServlet [http-nio-9009-exec-2] No mapping for GET /favicon.ico
2024-12-04 12:20:13,900 WARN o.s.w.s.h.AbstractHandlerExceptionResolver [http-nio-9009-exec-5] Resolved [org.springframework.http.converter.HttpMessageNotReadableException: JSON parse error: Cannot deserialize value of type `com.kcv.account.management.dto.CustomerRequest` from Array value (token `JsonToken.START_ARRAY`); nested exception is com.fasterxml.jackson.databind.exc.MismatchedInputException: Cannot deserialize value of type `com.kcv.account.management.dto.CustomerRequest` from Array value (token `JsonToken.START_ARRAY`)<EOL> at [Source: (org.springframework.util.StreamUtils$NonClosingInputStream); line: 1, column: 1]]
2024-12-04 12:21:29,632 WARN o.s.w.s.h.AbstractHandlerExceptionResolver [http-nio-9009-exec-1] Resolved [org.springframework.http.converter.HttpMessageNotReadableException: JSON parse error: Cannot deserialize value of type `com.kcv.account.management.dto.CustomerRequest` from Array value (token `JsonToken.START_ARRAY`); nested exception is com.fasterxml.jackson.databind.exc.MismatchedInputException: Cannot deserialize value of type `com.kcv.account.management.dto.CustomerRequest` from Array value (token `JsonToken.START_ARRAY`)<EOL> at [Source: (org.springframework.util.StreamUtils$NonClosingInputStream); line: 1, column: 1]]
2024-12-04 12:23:36,342 WARN o.s.w.s.h.AbstractHandlerExceptionResolver [http-nio-9009-exec-2] Resolved [org.springframework.http.converter.HttpMessageNotReadableException: JSON parse error: Cannot deserialize value of type `com.kcv.account.management.dto.CustomerRequest` from Array value (token `JsonToken.START_ARRAY`); nested exception is com.fasterxml.jackson.databind.exc.MismatchedInputException: Cannot deserialize value of type `com.kcv.account.management.dto.CustomerRequest` from Array value (token `JsonToken.START_ARRAY`)<EOL> at [Source: (org.springframework.util.StreamUtils$NonClosingInputStream); line: 1, column: 1]]
2024-12-04 12:23:52,985 WARN o.s.w.s.h.AbstractHandlerExceptionResolver [http-nio-9009-exec-8] Resolved [org.springframework.http.converter.HttpMessageNotReadableException: JSON parse error: Cannot deserialize value of type `com.kcv.account.management.dto.CustomerRequest` from Array value (token `JsonToken.START_ARRAY`); nested exception is com.fasterxml.jackson.databind.exc.MismatchedInputException: Cannot deserialize value of type `com.kcv.account.management.dto.CustomerRequest` from Array value (token `JsonToken.START_ARRAY`)<EOL> at [Source: (org.springframework.util.StreamUtils$NonClosingInputStream); line: 1, column: 1]]
2024-12-04 12:24:35,874 INFO c.k.a.m.s.CustomerServiceImpl [http-nio-9009-exec-5] Fetching all the Customers
2024-12-04 12:25:20,780 INFO o.s.o.j.AbstractEntityManagerFactoryBean [SpringApplicationShutdownHook] Closing JPA EntityManagerFactory for persistence unit 'default'
2024-12-04 12:25:20,784 INFO c.z.h.HikariDataSource [SpringApplicationShutdownHook] HikariPool-1 - Shutdown initiated...
2024-12-04 12:25:20,785 INFO c.z.h.HikariDataSource [SpringApplicationShutdownHook] HikariPool-1 - Shutdown completed.
2024-12-04 12:25:23,875 INFO o.s.b.StartupInfoLogger [restartedMain] Starting AccountManagementApplication using Java 1.8.0_162 on CLAYFIN-LP261 with PID 41357 (/Userdisk/Kishore/SPRING-BOOT-PROJECT/AccountManagement/target/classes started by kishorekumar in /Userdisk/Kishore/SPRING-BOOT-PROJECT/AccountManagement)
2024-12-04 12:25:23,882 DEBUG o.s.b.StartupInfoLogger [restartedMain] Running with Spring Boot v2.7.12, Spring v5.3.27
2024-12-04 12:25:23,883 INFO o.s.b.SpringApplication [restartedMain] No active profile set, falling back to 1 default profile: "default"
2024-12-04 12:25:23,909 INFO o.s.b.l.DeferredLog [restartedMain] Devtools property defaults active! Set 'spring.devtools.add-properties' to 'false' to disable
2024-12-04 12:25:23,909 INFO o.s.b.l.DeferredLog [restartedMain] For additional web related logging consider setting the 'logging.level.web' property to 'DEBUG'
2024-12-04 12:25:24,481 INFO o.s.d.r.c.RepositoryConfigurationDelegate [restartedMain] Bootstrapping Spring Data JPA repositories in DEFAULT mode.
2024-12-04 12:25:24,540 INFO o.s.d.r.c.RepositoryConfigurationDelegate [restartedMain] Finished Spring Data repository scanning in 51 ms. Found 2 JPA repository interfaces.
2024-12-04 12:25:25,369 INFO o.s.b.w.e.t.TomcatWebServer [restartedMain] Tomcat initialized with port(s): 9009 (http)
2024-12-04 12:25:25,379 INFO o.a.j.l.DirectJDKLog [restartedMain] Initializing ProtocolHandler ["http-nio-9009"]
2024-12-04 12:25:25,380 INFO o.a.j.l.DirectJDKLog [restartedMain] Starting service [Tomcat]
2024-12-04 12:25:25,380 INFO o.a.j.l.DirectJDKLog [restartedMain] Starting Servlet engine: [Apache Tomcat/9.0.75]
2024-12-04 12:25:25,451 INFO o.a.j.l.DirectJDKLog [restartedMain] Initializing Spring embedded WebApplicationContext
2024-12-04 12:25:25,452 INFO o.s.b.w.s.c.ServletWebServerApplicationContext [restartedMain] Root WebApplicationContext: initialization completed in 1543 ms
2024-12-04 12:25:25,481 INFO c.z.h.HikariDataSource [restartedMain] HikariPool-1 - Starting...
2024-12-04 12:25:25,668 INFO c.z.h.HikariDataSource [restartedMain] HikariPool-1 - Start completed.
2024-12-04 12:25:25,677 INFO o.s.b.a.h.H2ConsoleAutoConfiguration [restartedMain] H2 console available at '/h2-console'. Database available at 'jdbc:h2:file:/Userdisk/Kishore/Demo-Project/database/database'
2024-12-04 12:25:25,787 INFO o.h.j.i.u.LogHelper [restartedMain] HHH000204: Processing PersistenceUnitInfo [name: default]
2024-12-04 12:25:25,821 INFO o.h.Version [restartedMain] HHH000412: Hibernate ORM core version 5.6.15.Final
2024-12-04 12:25:25,944 INFO o.h.a.c.r.j.JavaReflectionManager [restartedMain] HCANN000001: Hibernate Commons Annotations {5.1.2.Final}
2024-12-04 12:25:26,042 INFO o.h.d.Dialect [restartedMain] HHH000400: Using dialect: org.hibernate.dialect.H2Dialect
2024-12-04 12:25:26,570 INFO o.h.e.t.j.p.i.JtaPlatformInitiator [restartedMain] HHH000490: Using JtaPlatform implementation: [org.hibernate.engine.transaction.jta.platform.internal.NoJtaPlatform]
2024-12-04 12:25:26,581 INFO o.s.o.j.AbstractEntityManagerFactoryBean [restartedMain] Initialized JPA EntityManagerFactory for persistence unit 'default'
2024-12-04 12:25:27,356 WARN o.s.b.a.o.j.JpaBaseConfiguration$JpaWebConfiguration [restartedMain] spring.jpa.open-in-view is enabled by default. Therefore, database queries may be performed during view rendering. Explicitly configure spring.jpa.open-in-view to disable this warning
2024-12-04 12:25:27,902 INFO o.s.b.d.a.OptionalLiveReloadServer [restartedMain] LiveReload server is running on port 35729
2024-12-04 12:25:28,186 INFO o.a.j.l.DirectJDKLog [restartedMain] Starting ProtocolHandler ["http-nio-9009"]
2024-12-04 12:25:28,206 INFO o.s.b.w.e.t.TomcatWebServer [restartedMain] Tomcat started on port(s): 9009 (http) with context path ''
2024-12-04 12:25:28,522 INFO o.s.b.StartupInfoLogger [restartedMain] Started AccountManagementApplication in 4.993 seconds (JVM running for 5.473)
2024-12-04 12:25:44,340 INFO o.a.j.l.DirectJDKLog [http-nio-9009-exec-1] Initializing Spring DispatcherServlet 'dispatcherServlet'
2024-12-04 12:25:44,341 INFO o.s.w.s.FrameworkServlet [http-nio-9009-exec-1] Initializing Servlet 'dispatcherServlet'
2024-12-04 12:25:44,343 INFO o.s.w.s.FrameworkServlet [http-nio-9009-exec-1] Completed initialization in 2 ms
2024-12-04 12:26:15,703 INFO c.k.a.m.s.CustomerServiceImpl [http-nio-9009-exec-7] Fetching all the Customers
2024-12-04 12:26:44,844 INFO o.s.o.j.AbstractEntityManagerFactoryBean [SpringApplicationShutdownHook] Closing JPA EntityManagerFactory for persistence unit 'default'
2024-12-04 12:26:44,847 INFO c.z.h.HikariDataSource [SpringApplicationShutdownHook] HikariPool-1 - Shutdown initiated...
2024-12-04 12:26:44,849 INFO c.z.h.HikariDataSource [SpringApplicationShutdownHook] HikariPool-1 - Shutdown completed.
2024-12-04 13:54:38,438 INFO o.s.b.StartupInfoLogger [restartedMain] Starting AccountManagementApplication using Java 1.8.0_162 on CLAYFIN-LP261 with PID 53702 (/Userdisk/Kishore/SPRING-BOOT-PROJECT/AccountManagement/target/classes started by kishorekumar in /Userdisk/Kishore/SPRING-BOOT-PROJECT/AccountManagement)
2024-12-04 13:54:38,442 DEBUG o.s.b.StartupInfoLogger [restartedMain] Running with Spring Boot v2.7.12, Spring v5.3.27
2024-12-04 13:54:38,443 INFO o.s.b.SpringApplication [restartedMain] No active profile set, falling back to 1 default profile: "default"
2024-12-04 13:54:38,475 INFO o.s.b.l.DeferredLog [restartedMain] Devtools property defaults active! Set 'spring.devtools.add-properties' to 'false' to disable
2024-12-04 13:54:38,475 INFO o.s.b.l.DeferredLog [restartedMain] For additional web related logging consider setting the 'logging.level.web' property to 'DEBUG'
2024-12-04 13:54:40,019 INFO o.s.d.r.c.RepositoryConfigurationDelegate [restartedMain] Bootstrapping Spring Data JPA repositories in DEFAULT mode.
2024-12-04 13:54:40,083 INFO o.s.d.r.c.RepositoryConfigurationDelegate [restartedMain] Finished Spring Data repository scanning in 53 ms. Found 2 JPA repository interfaces.
2024-12-04 13:54:40,980 INFO o.s.b.w.e.t.TomcatWebServer [restartedMain] Tomcat initialized with port(s): 9009 (http)
2024-12-04 13:54:40,990 INFO o.a.j.l.DirectJDKLog [restartedMain] Initializing ProtocolHandler ["http-nio-9009"]
2024-12-04 13:54:40,991 INFO o.a.j.l.DirectJDKLog [restartedMain] Starting service [Tomcat]
2024-12-04 13:54:40,991 INFO o.a.j.l.DirectJDKLog [restartedMain] Starting Servlet engine: [Apache Tomcat/9.0.75]
2024-12-04 13:54:41,075 INFO o.a.j.l.DirectJDKLog [restartedMain] Initializing Spring embedded WebApplicationContext
2024-12-04 13:54:41,075 INFO o.s.b.w.s.c.ServletWebServerApplicationContext [restartedMain] Root WebApplicationContext: initialization completed in 2600 ms
2024-12-04 13:54:41,111 INFO c.z.h.HikariDataSource [restartedMain] HikariPool-1 - Starting...
2024-12-04 13:54:41,790 INFO c.z.h.HikariDataSource [restartedMain] HikariPool-1 - Start completed.
2024-12-04 13:54:41,798 INFO o.s.b.a.h.H2ConsoleAutoConfiguration [restartedMain] H2 console available at '/h2-console'. Database available at 'jdbc:h2:file:/Userdisk/Kishore/Demo-Project/database/database'
2024-12-04 13:54:41,987 INFO o.h.j.i.u.LogHelper [restartedMain] HHH000204: Processing PersistenceUnitInfo [name: default]
2024-12-04 13:54:42,126 INFO o.h.Version [restartedMain] HHH000412: Hibernate ORM core version 5.6.15.Final
2024-12-04 13:54:42,331 INFO o.h.a.c.r.j.JavaReflectionManager [restartedMain] HCANN000001: Hibernate Commons Annotations {5.1.2.Final}
2024-12-04 13:54:42,480 INFO o.h.d.Dialect [restartedMain] HHH000400: Using dialect: org.hibernate.dialect.H2Dialect
2024-12-04 13:54:43,031 INFO o.h.e.t.j.p.i.JtaPlatformInitiator [restartedMain] HHH000490: Using JtaPlatform implementation: [org.hibernate.engine.transaction.jta.platform.internal.NoJtaPlatform]
2024-12-04 13:54:43,042 INFO o.s.o.j.AbstractEntityManagerFactoryBean [restartedMain] Initialized JPA EntityManagerFactory for persistence unit 'default'
2024-12-04 13:54:43,624 WARN o.s.b.a.o.j.JpaBaseConfiguration$JpaWebConfiguration [restartedMain] spring.jpa.open-in-view is enabled by default. Therefore, database queries may be performed during view rendering. Explicitly configure spring.jpa.open-in-view to disable this warning
2024-12-04 13:54:43,875 INFO o.s.b.d.a.OptionalLiveReloadServer [restartedMain] LiveReload server is running on port 35729
2024-12-04 13:54:44,218 INFO o.a.j.l.DirectJDKLog [restartedMain] Starting ProtocolHandler ["http-nio-9009"]
2024-12-04 13:54:44,244 INFO o.s.b.w.e.t.TomcatWebServer [restartedMain] Tomcat started on port(s): 9009 (http) with context path ''
2024-12-04 13:54:44,648 INFO o.s.b.StartupInfoLogger [restartedMain] Started AccountManagementApplication in 6.656 seconds (JVM running for 7.366)
2024-12-04 13:55:21,116 INFO o.a.j.l.DirectJDKLog [http-nio-9009-exec-1] Initializing Spring DispatcherServlet 'dispatcherServlet'
2024-12-04 13:55:21,116 INFO o.s.w.s.FrameworkServlet [http-nio-9009-exec-1] Initializing Servlet 'dispatcherServlet'
2024-12-04 13:55:21,121 INFO o.s.w.s.FrameworkServlet [http-nio-9009-exec-1] Completed initialization in 4 ms
2024-12-04 13:55:26,589 INFO c.k.a.m.s.CustomerServiceImpl [http-nio-9009-exec-5] Fetching all the Customers
2024-12-04 13:55:26,859 INFO c.k.a.m.s.CustomerServiceImpl [http-nio-9009-exec-6] Fetching all the Customers
2024-12-04 13:57:05,677 INFO c.k.a.m.s.CustomerServiceImpl [http-nio-9009-exec-3] Fetching all the Customers
2024-12-04 13:57:05,686 INFO c.k.a.m.s.CustomerServiceImpl [http-nio-9009-exec-7] Fetching all the Customers
2024-12-04 14:09:37,215 INFO c.k.a.m.s.CustomerServiceImpl [http-nio-9009-exec-4] Fetching all the Customers
2024-12-04 14:09:37,250 INFO c.k.a.m.s.CustomerServiceImpl [http-nio-9009-exec-3] Fetching all the Customers
2024-12-04 14:09:59,857 INFO c.k.a.m.s.CustomerServiceImpl [http-nio-9009-exec-7] Fetching all the Customers
2024-12-04 14:09:59,876 INFO c.k.a.m.s.CustomerServiceImpl [http-nio-9009-exec-5] Fetching all the Customers
2024-12-04 14:11:13,532 INFO c.k.a.m.s.CustomerServiceImpl [http-nio-9009-exec-10] Fetching all the Customers
2024-12-04 14:11:13,542 INFO c.k.a.m.s.CustomerServiceImpl [http-nio-9009-exec-9] Fetching all the Customers
2024-12-04 14:11:31,256 INFO c.k.a.m.s.CustomerServiceImpl [http-nio-9009-exec-1] Fetching all the Customers
2024-12-04 14:22:46,999 INFO c.k.a.m.s.CustomerServiceImpl [http-nio-9009-exec-8] Fetching all the Customers
2024-12-04 14:26:05,766 INFO o.s.o.j.AbstractEntityManagerFactoryBean [SpringApplicationShutdownHook] Closing JPA EntityManagerFactory for persistence unit 'default'
2024-12-04 14:26:05,776 INFO c.z.h.HikariDataSource [SpringApplicationShutdownHook] HikariPool-1 - Shutdown initiated...
2024-12-04 14:26:05,780 INFO c.z.h.HikariDataSource [SpringApplicationShutdownHook] HikariPool-1 - Shutdown completed.
2024-12-06 17:17:40,631 INFO o.s.b.StartupInfoLogger [restartedMain] Starting AccountManagementApplication using Java 1.8.0_162 on CLAYFIN-LP261 with PID 574602 (/Userdisk/Kishore/SPRING-BOOT-PROJECT/AccountManagement/target/classes started by kishorekumar in /Userdisk/Kishore/SPRING-BOOT-PROJECT/AccountManagement)
2024-12-06 17:17:40,676 DEBUG o.s.b.StartupInfoLogger [restartedMain] Running with Spring Boot v2.7.12, Spring v5.3.27
2024-12-06 17:17:40,678 INFO o.s.b.SpringApplication [restartedMain] No active profile set, falling back to 1 default profile: "default"
2024-12-06 17:17:40,826 INFO o.s.b.l.DeferredLog [restartedMain] Devtools property defaults active! Set 'spring.devtools.add-properties' to 'false' to disable
2024-12-06 17:17:40,827 INFO o.s.b.l.DeferredLog [restartedMain] For additional web related logging consider setting the 'logging.level.web' property to 'DEBUG'
2024-12-06 17:17:43,276 INFO o.s.d.r.c.RepositoryConfigurationDelegate [restartedMain] Bootstrapping Spring Data JPA repositories in DEFAULT mode.
2024-12-06 17:17:43,427 INFO o.s.d.r.c.RepositoryConfigurationDelegate [restartedMain] Finished Spring Data repository scanning in 132 ms. Found 2 JPA repository interfaces.
2024-12-06 17:17:45,089 INFO o.s.b.w.e.t.TomcatWebServer [restartedMain] Tomcat initialized with port(s): 9009 (http)
2024-12-06 17:17:45,114 INFO o.a.j.l.DirectJDKLog [restartedMain] Initializing ProtocolHandler ["http-nio-9009"]
2024-12-06 17:17:45,115 INFO o.a.j.l.DirectJDKLog [restartedMain] Starting service [Tomcat]
2024-12-06 17:17:45,116 INFO o.a.j.l.DirectJDKLog [restartedMain] Starting Servlet engine: [Apache Tomcat/9.0.75]
2024-12-06 17:17:45,246 INFO o.a.j.l.DirectJDKLog [restartedMain] Initializing Spring embedded WebApplicationContext
2024-12-06 17:17:45,247 INFO o.s.b.w.s.c.ServletWebServerApplicationContext [restartedMain] Root WebApplicationContext: initialization completed in 4418 ms
2024-12-06 17:17:45,317 INFO c.z.h.HikariDataSource [restartedMain] HikariPool-1 - Starting...
2024-12-06 17:17:46,058 INFO c.z.h.HikariDataSource [restartedMain] HikariPool-1 - Start completed.
2024-12-06 17:17:46,115 INFO o.s.b.a.h.H2ConsoleAutoConfiguration [restartedMain] H2 console available at '/h2-console'. Database available at 'jdbc:h2:file:/Userdisk/Kishore/Demo-Project/database/database'
2024-12-06 17:17:46,423 INFO o.h.j.i.u.LogHelper [restartedMain] HHH000204: Processing PersistenceUnitInfo [name: default]
2024-12-06 17:17:46,562 INFO o.h.Version [restartedMain] HHH000412: Hibernate ORM core version 5.6.15.Final
2024-12-06 17:17:47,020 INFO o.h.a.c.r.j.JavaReflectionManager [restartedMain] HCANN000001: Hibernate Commons Annotations {5.1.2.Final}
2024-12-06 17:17:47,314 INFO o.h.d.Dialect [restartedMain] HHH000400: Using dialect: org.hibernate.dialect.H2Dialect
2024-12-06 17:17:48,578 INFO o.h.e.t.j.p.i.JtaPlatformInitiator [restartedMain] HHH000490: Using JtaPlatform implementation: [org.hibernate.engine.transaction.jta.platform.internal.NoJtaPlatform]
2024-12-06 17:17:48,819 INFO o.s.o.j.AbstractEntityManagerFactoryBean [restartedMain] Initialized JPA EntityManagerFactory for persistence unit 'default'
2024-12-06 17:17:50,260 WARN o.s.b.a.o.j.JpaBaseConfiguration$JpaWebConfiguration [restartedMain] spring.jpa.open-in-view is enabled by default. Therefore, database queries may be performed during view rendering. Explicitly configure spring.jpa.open-in-view to disable this warning
2024-12-06 17:17:51,083 INFO o.s.b.d.a.OptionalLiveReloadServer [restartedMain] LiveReload server is running on port 35729
2024-12-06 17:17:51,883 INFO o.a.j.l.DirectJDKLog [restartedMain] Starting ProtocolHandler ["http-nio-9009"]
2024-12-06 17:17:51,948 INFO o.s.b.w.e.t.TomcatWebServer [restartedMain] Tomcat started on port(s): 9009 (http) with context path ''
2024-12-06 17:17:53,216 INFO o.s.b.StartupInfoLogger [restartedMain] Started AccountManagementApplication in 14.068 seconds (JVM running for 16.749)
2024-12-06 17:19:59,433 INFO o.s.o.j.AbstractEntityManagerFactoryBean [SpringApplicationShutdownHook] Closing JPA EntityManagerFactory for persistence unit 'default'
2024-12-06 17:19:59,452 INFO c.z.h.HikariDataSource [SpringApplicationShutdownHook] HikariPool-1 - Shutdown initiated...
2024-12-06 17:19:59,471 INFO c.z.h.HikariDataSource [SpringApplicationShutdownHook] HikariPool-1 - Shutdown completed.
2024-12-06 18:13:11,490 INFO o.s.b.StartupInfoLogger [restartedMain] Starting AccountManagementApplication using Java 1.8.0_162 on CLAYFIN-LP261 with PID 609175 (/Userdisk/Kishore/SPRING-BOOT-PROJECT/AccountManagement/target/classes started by kishorekumar in /Userdisk/Kishore/SPRING-BOOT-PROJECT/AccountManagement)
2024-12-06 18:13:11,504 DEBUG o.s.b.StartupInfoLogger [restartedMain] Running with Spring Boot v2.7.12, Spring v5.3.27
2024-12-06 18:13:11,506 INFO o.s.b.SpringApplication [restartedMain] No active profile set, falling back to 1 default profile: "default"
2024-12-06 18:13:11,581 INFO o.s.b.l.DeferredLog [restartedMain] Devtools property defaults active! Set 'spring.devtools.add-properties' to 'false' to disable
2024-12-06 18:13:11,582 INFO o.s.b.l.DeferredLog [restartedMain] For additional web related logging consider setting the 'logging.level.web' property to 'DEBUG'
2024-12-06 18:13:12,585 INFO o.s.d.r.c.RepositoryConfigurationDelegate [restartedMain] Bootstrapping Spring Data JPA repositories in DEFAULT mode.
2024-12-06 18:13:12,671 INFO o.s.d.r.c.RepositoryConfigurationDelegate [restartedMain] Finished Spring Data repository scanning in 71 ms. Found 2 JPA repository interfaces.
2024-12-06 18:13:13,689 INFO o.s.b.w.e.t.TomcatWebServer [restartedMain] Tomcat initialized with port(s): 9009 (http)
2024-12-06 18:13:13,721 INFO o.a.j.l.DirectJDKLog [restartedMain] Initializing ProtocolHandler ["http-nio-9009"]
2024-12-06 18:13:13,722 INFO o.a.j.l.DirectJDKLog [restartedMain] Starting service [Tomcat]
2024-12-06 18:13:13,722 INFO o.a.j.l.DirectJDKLog [restartedMain] Starting Servlet engine: [Apache Tomcat/9.0.75]
2024-12-06 18:13:13,820 INFO o.a.j.l.DirectJDKLog [restartedMain] Initializing Spring embedded WebApplicationContext
2024-12-06 18:13:13,820 INFO o.s.b.w.s.c.ServletWebServerApplicationContext [restartedMain] Root WebApplicationContext: initialization completed in 2238 ms
2024-12-06 18:13:13,884 INFO c.z.h.HikariDataSource [restartedMain] HikariPool-1 - Starting...
2024-12-06 18:13:14,520 INFO c.z.h.HikariDataSource [restartedMain] HikariPool-1 - Start completed.
2024-12-06 18:13:14,536 INFO o.s.b.a.h.H2ConsoleAutoConfiguration [restartedMain] H2 console available at '/h2-console'. Database available at 'jdbc:h2:file:/Userdisk/Kishore/Demo-Project/database/database'
2024-12-06 18:13:14,781 INFO o.h.j.i.u.LogHelper [restartedMain] HHH000204: Processing PersistenceUnitInfo [name: default]
2024-12-06 18:13:14,943 INFO o.h.Version [restartedMain] HHH000412: Hibernate ORM core version 5.6.15.Final
2024-12-06 18:13:15,230 INFO o.h.a.c.r.j.JavaReflectionManager [restartedMain] HCANN000001: Hibernate Commons Annotations {5.1.2.Final}
2024-12-06 18:13:15,441 INFO o.h.d.Dialect [restartedMain] HHH000400: Using dialect: org.hibernate.dialect.H2Dialect
2024-12-06 18:13:16,339 INFO o.h.e.t.j.p.i.JtaPlatformInitiator [restartedMain] HHH000490: Using JtaPlatform implementation: [org.hibernate.engine.transaction.jta.platform.internal.NoJtaPlatform]
2024-12-06 18:13:16,355 INFO o.s.o.j.AbstractEntityManagerFactoryBean [restartedMain] Initialized JPA EntityManagerFactory for persistence unit 'default'
2024-12-06 18:13:17,312 WARN o.s.b.a.o.j.JpaBaseConfiguration$JpaWebConfiguration [restartedMain] spring.jpa.open-in-view is enabled by default. Therefore, database queries may be performed during view rendering. Explicitly configure spring.jpa.open-in-view to disable this warning
2024-12-06 18:13:17,704 INFO o.s.b.d.a.OptionalLiveReloadServer [restartedMain] LiveReload server is running on port 35729
2024-12-06 18:13:18,061 INFO o.a.j.l.DirectJDKLog [restartedMain] Starting ProtocolHandler ["http-nio-9009"]
2024-12-06 18:13:18,085 INFO o.s.b.w.e.t.TomcatWebServer [restartedMain] Tomcat started on port(s): 9009 (http) with context path ''
2024-12-06 18:13:18,559 INFO o.s.b.StartupInfoLogger [restartedMain] Started AccountManagementApplication in 8.004 seconds (JVM running for 9.311)
2024-12-06 18:13:27,814 INFO o.a.j.l.DirectJDKLog [http-nio-9009-exec-1] Initializing Spring DispatcherServlet 'dispatcherServlet'
2024-12-06 18:13:27,814 INFO o.s.w.s.FrameworkServlet [http-nio-9009-exec-1] Initializing Servlet 'dispatcherServlet'
2024-12-06 18:13:27,818 INFO o.s.w.s.FrameworkServlet [http-nio-9009-exec-1] Completed initialization in 2 ms
2024-12-06 18:13:27,856 INFO c.k.a.m.s.CustomerServiceImpl [http-nio-9009-exec-1] Fetching all the Customers
2024-12-06 18:13:28,229 ERROR o.a.j.l.DirectJDKLog [http-nio-9009-exec-1] Servlet.service() for servlet [dispatcherServlet] in context with path [] threw exception [Request processing failed; nested exception is java.lang.IllegalArgumentException: No enum constant com.kcv.account.management.dto.CustomerGenderEnum.Male] with root cause
java.lang.IllegalArgumentException: No enum constant com.kcv.account.management.dto.CustomerGenderEnum.Male
	at java.lang.Enum.valueOf(Enum.java:238) ~[?:1.8.0_162]
	at com.kcv.account.management.dto.CustomerGenderEnum.valueOf(CustomerGenderEnum.java:3) ~[classes/:?]
	at com.kcv.account.management.service.CustomerServiceImpl.lambda$getAllCustomers$0(CustomerServiceImpl.java:56) ~[classes/:?]
	at java.util.ArrayList.forEach(ArrayList.java:1257) ~[?:1.8.0_162]
	at com.kcv.account.management.service.CustomerServiceImpl.getAllCustomers(CustomerServiceImpl.java:52) ~[classes/:?]
	at com.kcv.account.management.controller.CustomerController.getAllDetails(CustomerController.java:31) ~[classes/:?]
	at sun.reflect.NativeMethodAccessorImpl.invoke0(Native Method) ~[?:1.8.0_162]
	at sun.reflect.NativeMethodAccessorImpl.invoke(NativeMethodAccessorImpl.java:62) ~[?:1.8.0_162]
	at sun.reflect.DelegatingMethodAccessorImpl.invoke(DelegatingMethodAccessorImpl.java:43) ~[?:1.8.0_162]
	at java.lang.reflect.Method.invoke(Method.java:498) ~[?:1.8.0_162]
	at org.springframework.web.method.support.InvocableHandlerMethod.doInvoke(InvocableHandlerMethod.java:205) ~[spring-web-5.3.27.jar:5.3.27]
	at org.springframework.web.method.support.InvocableHandlerMethod.invokeForRequest(InvocableHandlerMethod.java:150) ~[spring-web-5.3.27.jar:5.3.27]
	at org.springframework.web.servlet.mvc.method.annotation.ServletInvocableHandlerMethod.invokeAndHandle(ServletInvocableHandlerMethod.java:117) ~[spring-webmvc-5.3.27.jar:5.3.27]
	at org.springframework.web.servlet.mvc.method.annotation.RequestMappingHandlerAdapter.invokeHandlerMethod(RequestMappingHandlerAdapter.java:895) ~[spring-webmvc-5.3.27.jar:5.3.27]
	at org.springframework.web.servlet.mvc.method.annotation.RequestMappingHandlerAdapter.handleInternal(RequestMappingHandlerAdapter.java:808) ~[spring-webmvc-5.3.27.jar:5.3.27]
	at org.springframework.web.servlet.mvc.method.AbstractHandlerMethodAdapter.handle(AbstractHandlerMethodAdapter.java:87) ~[spring-webmvc-5.3.27.jar:5.3.27]
	at org.springframework.web.servlet.DispatcherServlet.doDispatch(DispatcherServlet.java:1072) ~[spring-webmvc-5.3.27.jar:5.3.27]
	at org.springframework.web.servlet.DispatcherServlet.doService(DispatcherServlet.java:965) ~[spring-webmvc-5.3.27.jar:5.3.27]
	at org.springframework.web.servlet.FrameworkServlet.processRequest(FrameworkServlet.java:1006) ~[spring-webmvc-5.3.27.jar:5.3.27]
	at org.springframework.web.servlet.FrameworkServlet.doGet(FrameworkServlet.java:898) ~[spring-webmvc-5.3.27.jar:5.3.27]
	at javax.servlet.http.HttpServlet.service(HttpServlet.java:529) ~[tomcat-embed-core-9.0.75.jar:4.0.FR]
	at org.springframework.web.servlet.FrameworkServlet.service(FrameworkServlet.java:883) ~[spring-webmvc-5.3.27.jar:5.3.27]
	at javax.servlet.http.HttpServlet.service(HttpServlet.java:623) ~[tomcat-embed-core-9.0.75.jar:4.0.FR]
	at org.apache.catalina.core.ApplicationFilterChain.internalDoFilter(ApplicationFilterChain.java:209) ~[tomcat-embed-core-9.0.75.jar:9.0.75]
	at org.apache.catalina.core.ApplicationFilterChain.doFilter(ApplicationFilterChain.java:153) ~[tomcat-embed-core-9.0.75.jar:9.0.75]
	at org.apache.tomcat.websocket.server.WsFilter.doFilter(WsFilter.java:51) ~[tomcat-embed-websocket-9.0.75.jar:9.0.75]
	at org.apache.catalina.core.ApplicationFilterChain.internalDoFilter(ApplicationFilterChain.java:178) ~[tomcat-embed-core-9.0.75.jar:9.0.75]
	at org.apache.catalina.core.ApplicationFilterChain.doFilter(ApplicationFilterChain.java:153) ~[tomcat-embed-core-9.0.75.jar:9.0.75]
	at org.springframework.web.filter.CharacterEncodingFilter.doFilterInternal(CharacterEncodingFilter.java:201) ~[spring-web-5.3.27.jar:5.3.27]
	at org.springframework.web.filter.OncePerRequestFilter.doFilter(OncePerRequestFilter.java:117) ~[spring-web-5.3.27.jar:5.3.27]
	at org.apache.catalina.core.ApplicationFilterChain.internalDoFilter(ApplicationFilterChain.java:178) ~[tomcat-embed-core-9.0.75.jar:9.0.75]
	at org.apache.catalina.core.ApplicationFilterChain.doFilter(ApplicationFilterChain.java:153) ~[tomcat-embed-core-9.0.75.jar:9.0.75]
	at org.apache.catalina.core.StandardWrapperValve.invoke(StandardWrapperValve.java:167) ~[tomcat-embed-core-9.0.75.jar:9.0.75]
	at org.apache.catalina.core.StandardContextValve.invoke(StandardContextValve.java:90) ~[tomcat-embed-core-9.0.75.jar:9.0.75]
	at org.apache.catalina.authenticator.AuthenticatorBase.invoke(AuthenticatorBase.java:481) ~[tomcat-embed-core-9.0.75.jar:9.0.75]
	at org.apache.catalina.core.StandardHostValve.invoke(StandardHostValve.java:130) ~[tomcat-embed-core-9.0.75.jar:9.0.75]
	at org.apache.catalina.valves.ErrorReportValve.invoke(ErrorReportValve.java:93) ~[tomcat-embed-core-9.0.75.jar:9.0.75]
	at org.apache.catalina.core.StandardEngineValve.invoke(StandardEngineValve.java:74) ~[tomcat-embed-core-9.0.75.jar:9.0.75]
	at org.apache.catalina.connector.CoyoteAdapter.service(CoyoteAdapter.java:343) ~[tomcat-embed-core-9.0.75.jar:9.0.75]
	at org.apache.coyote.http11.Http11Processor.service(Http11Processor.java:390) ~[tomcat-embed-core-9.0.75.jar:9.0.75]
	at org.apache.coyote.AbstractProcessorLight.process(AbstractProcessorLight.java:63) ~[tomcat-embed-core-9.0.75.jar:9.0.75]
	at org.apache.coyote.AbstractProtocol$ConnectionHandler.process(AbstractProtocol.java:926) ~[tomcat-embed-core-9.0.75.jar:9.0.75]
	at org.apache.tomcat.util.net.NioEndpoint$SocketProcessor.doRun(NioEndpoint.java:1791) ~[tomcat-embed-core-9.0.75.jar:9.0.75]
	at org.apache.tomcat.util.net.SocketProcessorBase.run(SocketProcessorBase.java:52) ~[tomcat-embed-core-9.0.75.jar:9.0.75]
	at org.apache.tomcat.util.threads.ThreadPoolExecutor.runWorker(ThreadPoolExecutor.java:1191) ~[tomcat-embed-core-9.0.75.jar:9.0.75]
	at org.apache.tomcat.util.threads.ThreadPoolExecutor$Worker.run(ThreadPoolExecutor.java:659) ~[tomcat-embed-core-9.0.75.jar:9.0.75]
	at org.apache.tomcat.util.threads.TaskThread$WrappingRunnable.run(TaskThread.java:61) ~[tomcat-embed-core-9.0.75.jar:9.0.75]
	at java.lang.Thread.run(Thread.java:748) ~[?:1.8.0_162]
2024-12-06 18:13:29,614 WARN o.s.w.s.DispatcherServlet [http-nio-9009-exec-2] No mapping for GET /favicon.ico
2024-12-06 18:15:46,355 INFO c.k.a.m.s.CustomerServiceImpl [http-nio-9009-exec-9] Fetching all the Customers
